409,en,test,20,giveaway,10,sexy,7
410,en,shiny,40,jo,10,sexy,8
411,en,view,70,giveaway,10,crazy,4
412,en,00re,20,C,5,linux,2
413,en,test,10,giveaway,10,sexy,4
414,en,whatsapp,50,giveaway,10,sexy,5
415,en,test,260,giveaway,10,sexy,6
416,en,hashtag,220,null,null,null,null
417,en,facebook,50,hey,10,sexy,8
418,en,7f98rg,230,giveaway,10,sexy,4
434,en,earth,30,giveaway,10,mad,5
436,en,test,30,giveaway,10,saturn,6
447,en,rock,23,twitter,10,sexy,7
458,en,test,24,giveaway,10,sexy,5
469,en,holiwood,205,master,10,windows,43
470,en,test,60,giveaway,10,sexy,5
480,en,madrid,27,giveaway,10,sexy,4
499,en,tree,60,app,10,sexy,3
709,en,spain,24,giveaway,10,hot,2
809,en,BCN,21,christmas,10,null,null