0,MTVStars,1448472000000,1448486400000
1,VideoMTV2015,1448472000000,1448486400000
2,ALDUB19thWeeksary,1448472000000,1448486400000
3,ShowtimeToMihoLive,1448472000000,1448486400000
4,PushAwardsKathNiels,1448472000000,1448486400000
5,MTVSTARS,1448472000000,1448486400000
6,quote,1448472000000,1448486400000
7,ExtraBarre,1448472000000,1448486400000
8,ThanksgivingClapBack,1448472000000,1448486400000
9,MALPSG,1448472000000,1448486400000
10,1DBestChristmasEver,1448472000000,1448486400000
11,LPDLA3,1448472000000,1448486400000
12,mufc,1448472000000,1448486400000
13,TPMP,1448472000000,1448486400000
14,android,1448472000000,1448486400000
15,vladidi,1448472000000,1448486400000
16,GradurSurSkyrock,1448472000000,1448486400000
17,TéléchargeGossipApp,1448472000000,1448486400000
18,androidgames,1448472000000,1448486400000
19,gameinsight,1448472000000,1448486400000
20,JeuTPMP,1448472000000,1448486400000
21,TreCru,1448472000000,1448486400000
22,ACAL,1448472000000,1448486400000
23,enjoyphoenix,1448472000000,1448486400000
24,LRDS,1448472000000,1448486400000
25,TuEsAfricainSi,1448472000000,1448486400000
26,LJBC,1448472000000,1448486400000
27,BMGSEV,1448472000000,1448486400000
28,sassoui,1448472000000,1448486400000
29,CSKAWOB,1448472000000,1448486400000
30,MUFC,1448472000000,1448486400000
31,RT,1448472000000,1448486400000
32,CestLaHonteQuand,1448472000000,1448486400000
33,PushAwardsK,1448472000000,1448486400000
34,boho,1448472000000,1448486400000
35,Balance,1448472000000,1448486400000
36,JuveCity,1448472000000,1448486400000
37,LMP,1448472000000,1448486400000
38,PushAwards,1448472000000,1448486400000
39,BMGvSEV,1448472000000,1448486400000
40,Push,1448472000000,1448486400000
41,PushA,1448472000000,1448486400000
42,DieNachrichten,1448472000000,1448486400000
43,ipad,1448472000000,1448486400000
